<?xml version="1.0" encoding="UTF-8"?>
<!-- Generated by org.testng.reporters.JUnitReportReporter -->
<testsuite hostname="DESKTOP-DNLPQGU" failures="0" tests="1" name="com.qsp.app.TakeSceenShotOfPage" time="5.152" errors="0" timestamp="2024-04-04T12:12:29 IST" skipped="0">
  <testcase classname="com.qsp.app.TakeSceenShotOfPage" name="takeScreenShot" time="5.152"/>
  <system-out/>
</testsuite> <!-- com.qsp.app.TakeSceenShotOfPage -->
