<?xml version="1.0" encoding="UTF-8"?>
<!-- Generated by org.testng.reporters.JUnitReportReporter -->
<testsuite hostname="DESKTOP-DNLPQGU" failures="0" tests="1" name="com.qsp.app.TakeSceenShot" time="0.039" errors="0" timestamp="2024-04-04T11:30:40 IST" skipped="0">
  <testcase classname="com.qsp.app.TakeSceenShot" name="f" time="0.039"/>
  <system-out/>
</testsuite> <!-- com.qsp.app.TakeSceenShot -->
